<?xml version="1.0" encoding="UTF-8"?>
<testsuites name="OrangeHRMDemo" time="17.509" tests="1" failures="0" errors="0">
   <testsuite name="OrangeHRMDemo" tests="1" failures="0" errors="0" time="17.509" skipped="0" timestamp="20-01-2025T20:59:32" hostname="bhara - DellInsp" id="Test Suites/OrangeHRM/OrangeHRMDemo">
      <properties>
         <property name="deviceName" value=""/>
         <property name="devicePlatform"/>
         <property name="logFolder" value="C:\\Katalon-Practice\\Katalon-Demo\\Reports\\20250120_205927\\OrangeHRM\\OrangeHRMDemo\\20250120_205927"/>
         <property name="logFiles" value="C:\\Katalon-Practice\\Katalon-Demo\\Reports\\20250120_205927\\OrangeHRM\\OrangeHRMDemo\\20250120_205927\\execution0.log"/>
         <property name="attachments" value=""/>
         <property name="hostName" value="bhara - DellInsp"/>
         <property name="os" value="Windows 11 64bit"/>
         <property name="katalonVersion" value="10.0.1.223"/>
         <property name="browser" value="Chrome 131.0.0.0"/>
         <property name="hostAddress" value="192.168.29.125"/>
         <property name="sessionId" value="0c2f2dcf783cf08e943e129aa75d100a"/>
         <property name="seleniumVersion" value="4.22.0"/>
         <property name="proxyInformation" value="ProxyInformation { proxyOption=NO_PROXY, proxyServerType=HTTP, username=, password=********, proxyServerAddress=, proxyServerPort=0, executionList=&quot;&quot;, isApplyToDesiredCapabilities=true }"/>
         <property name="platform" value="Windows 11"/>
      </properties>
      <testcase name="Test Cases/OranceHRM" time="17.158" classname="Test Cases/OranceHRM" status="PASSED">
         <system-out><![CDATA[20-01-2025T20:59:33 - [TEST_CASE][PASSED] - Test Cases/OranceHRM: Test Cases/OranceHRM

20-01-2025T20:59:33 - [TEST_STEP][PASSED] - openBrowser(""): Browser is opened with url: ''

20-01-2025T20:59:33 - [MESSAGE][INFO] - Starting 'Chrome' driver

20-01-2025T20:59:33 - [MESSAGE][INFO] - Action delay is set to 0 milliseconds

20-01-2025T20:59:36 - [MESSAGE][PASSED] - Browser is opened with url: ''

20-01-2025T20:59:36 - [TEST_STEP][PASSED] - navigateToUrl("https://orangehrmlive.com/"): Navigate to 'https://orangehrmlive.com/' successfully

20-01-2025T20:59:40 - [MESSAGE][PASSED] - Navigate to 'https://orangehrmlive.com/' successfully

20-01-2025T20:59:40 - [TEST_STEP][PASSED] - click(findTestObject("Object Repository/Page_Human Resources Management Software  O_31d1a1/button_Book a Free Demo")): Object: 'Object Repository/Page_Human Resources Management Software  O_31d1a1/button_Book a Free Demo' is clicked on

20-01-2025T20:59:43 - [MESSAGE][PASSED] - Object: 'Object Repository/Page_Human Resources Management Software  O_31d1a1/button_Book a Free Demo' is clicked on

20-01-2025T20:59:43 - [TEST_STEP][PASSED] - setText(findTestObject("Object Repository/Page_Book Your Free Demo  OrangeHRM/input_Full Name_FullName"), "Neha"): Text 'Neha' is set on object 'Object Repository/Page_Book Your Free Demo  OrangeHRM/input_Full Name_FullName'

20-01-2025T20:59:43 - [MESSAGE][PASSED] - Text 'Neha' is set on object 'Object Repository/Page_Book Your Free Demo  OrangeHRM/input_Full Name_FullName'

20-01-2025T20:59:43 - [TEST_STEP][PASSED] - setText(findTestObject("Object Repository/Page_Book Your Free Demo  OrangeHRM/input_Phone Number_Contact"), "1234567890"): Text '1234567890' is set on object 'Object Repository/Page_Book Your Free Demo  OrangeHRM/input_Phone Number_Contact'

20-01-2025T20:59:44 - [MESSAGE][PASSED] - Text '1234567890' is set on object 'Object Repository/Page_Book Your Free Demo  OrangeHRM/input_Phone Number_Contact'

20-01-2025T20:59:44 - [TEST_STEP][PASSED] - setText(findTestObject("Object Repository/Page_Book Your Free Demo  OrangeHRM/input_Email_Email"), "nehabac@gmail.com"): Text 'nehabac@gmail.com' is set on object 'Object Repository/Page_Book Your Free Demo  OrangeHRM/input_Email_Email'

20-01-2025T20:59:45 - [MESSAGE][PASSED] - Text 'nehabac@gmail.com' is set on object 'Object Repository/Page_Book Your Free Demo  OrangeHRM/input_Email_Email'

20-01-2025T20:59:45 - [TEST_STEP][PASSED] - setText(findTestObject("Object Repository/Page_Book Your Free Demo  OrangeHRM/input_Company Name_CompanyName"), "Neha"): Text 'Neha' is set on object 'Object Repository/Page_Book Your Free Demo  OrangeHRM/input_Company Name_CompanyName'

20-01-2025T20:59:46 - [MESSAGE][PASSED] - Text 'Neha' is set on object 'Object Repository/Page_Book Your Free Demo  OrangeHRM/input_Company Name_CompanyName'

20-01-2025T20:59:46 - [TEST_STEP][PASSED] - click(findTestObject("Object Repository/Page_Book Your Free Demo  OrangeHRM/input_No Of Employees_action_submitForm")): Object: 'Object Repository/Page_Book Your Free Demo  OrangeHRM/input_No Of Employees_action_submitForm' is clicked on

20-01-2025T20:59:48 - [MESSAGE][PASSED] - Object: 'Object Repository/Page_Book Your Free Demo  OrangeHRM/input_No Of Employees_action_submitForm' is clicked on

20-01-2025T20:59:48 - [TEST_STEP][PASSED] - click(findTestObject("Object Repository/Page_Book Your Free Demo  OrangeHRM/div_We Just Need a Few Details.            _748e3f")): Object: 'Object Repository/Page_Book Your Free Demo  OrangeHRM/div_We Just Need a Few Details.            _748e3f' is clicked on

20-01-2025T20:59:49 - [MESSAGE][PASSED] - Object: 'Object Repository/Page_Book Your Free Demo  OrangeHRM/div_We Just Need a Few Details.            _748e3f' is clicked on

20-01-2025T20:59:49 - [TEST_STEP][PASSED] - verifyElementText(findTestObject("Object Repository/Page_Book Your Free Demo  OrangeHRM/h4_We Just Need a Few Details"), "We Just Need a Few Details."): Actual text and expected text of test object 'Object Repository/Page_Book Your Free Demo  OrangeHRM/h4_We Just Need a Few Details' are matched.

20-01-2025T20:59:49 - [MESSAGE][PASSED] - Actual text and expected text of test object 'Object Repository/Page_Book Your Free Demo  OrangeHRM/h4_We Just Need a Few Details' are matched.

20-01-2025T20:59:49 - [TEST_STEP][PASSED] - closeBrowser(): Browser is closed

20-01-2025T20:59:50 - [MESSAGE][PASSED] - Browser is closed]]></system-out>
         <system-err><![CDATA[]]></system-err>
      </testcase>
      <system-out><![CDATA[20-01-2025T20:59:32 - [TEST_SUITE][PASSED] - OrangeHRMDemo: Test Cases/OranceHRM]]></system-out>
      <system-err><![CDATA[]]></system-err>
   </testsuite>
</testsuites>
